<?xml version="1.0" encoding="UTF-8"?>
<!-- Generated by org.testng.reporters.JUnitXMLReporter -->
<testsuite ignored="0" hostname="DESKTOP-CM6P7O3" failures="0" tests="3" name="TestNG_1" time="164.031" errors="0" timestamp="2023-07-25T23:32:26 IST">
  <testcase classname="eCommerceWebSites.Amazon" name="amazonTest" time="59.286"/>
  <testcase classname="eCommerceWebSites.Ajio" name="ajioTest" time="34.129"/>
  <testcase classname="eCommerceWebSites.Flipkart" name="flipTest" time="70.38"/>
</testsuite> <!-- TestNG_1 -->
