<?xml version="1.0" encoding="UTF-8"?>
<!-- Generated by org.testng.reporters.JUnitXMLReporter -->
<testsuite ignored="0" hostname="DESKTOP-CM6P7O3" failures="0" tests="3" name="Test" time="90.025" errors="0" timestamp="2023-07-27T13:01:07 IST">
  <testcase classname="eCommerceWebSites.Amazon" name="amazonTest" time="38.968"/>
  <testcase classname="eCommerceWebSites.Ajio" name="ajioTest" time="26.919"/>
  <testcase classname="eCommerceWebSites.Flipkart" name="flipTest" time="24.047"/>
</testsuite> <!-- Test -->
